==== Cycle 1 ====

The method '[Method] com.dengage.sdk.manager.inappmessage.InAppMessageManager access$getInAppMessageManager(com.dengage.sdk.Dengage $this)' was removed because its name contains a dollar sign.
The method '[Method] com.dengage.sdk.manager.inappmessage.session.InAppSessionManager access$getInAppSessionManager(com.dengage.sdk.Dengage $this)' was removed because its name contains a dollar sign.
The method '[Method] void access$setInAppFetched$p(boolean <set-?>)' was removed because its name contains a dollar sign.
The method '[Method] void addToCart$default(com.dengage.sdk.Dengage p0, java.util.HashMap p1, android.content.Context p2, int p3, java.lang.Object p4)' was removed because its name contains a dollar sign.
The method '[Method] void addToWishList$default(com.dengage.sdk.Dengage p0, java.util.HashMap p1, android.content.Context p2, int p3, java.lang.Object p4)' was removed because its name contains a dollar sign.
The method '[Method] void beginCheckout$default(com.dengage.sdk.Dengage p0, java.util.HashMap p1, android.content.Context p2, int p3, java.lang.Object p4)' was removed because its name contains a dollar sign.
The method '[Method] void cancelOrder$default(com.dengage.sdk.Dengage p0, java.util.HashMap p1, android.content.Context p2, int p3, java.lang.Object p4)' was removed because its name contains a dollar sign.
The method '[Method] void categoryView$default(com.dengage.sdk.Dengage p0, java.lang.String p1, android.content.Context p2, int p3, java.lang.Object p4)' was removed because its name contains a dollar sign.
The method '[Method] boolean getInitialized$sdk_debug()' was removed because its name contains a dollar sign.
The method '[Method] void inAppLinkConfiguration$default(com.dengage.sdk.Dengage p0, java.lang.String p1, int p2, java.lang.Object p3)' was removed because its name contains a dollar sign.
The method '[Method] void init$default(com.dengage.sdk.Dengage p0, android.content.Context p1, java.lang.String p2, java.lang.String p3, com.google.firebase.FirebaseApp p4, int p5, java.lang.Object p6)' was removed because its name contains a dollar sign.
The method '[Method] void init(android.content.Context context, java.lang.String firebaseIntegrationKey, java.lang.String huaweiIntegrationKey, com.google.firebase.FirebaseApp firebaseApp)' was removed because the Java parameter type 'com.google.firebase.FirebaseApp' could not be found.
The method '[Method] void order$default(com.dengage.sdk.Dengage p0, java.util.HashMap p1, android.content.Context p2, int p3, java.lang.Object p4)' was removed because its name contains a dollar sign.
The method '[Method] void pageView$default(com.dengage.sdk.Dengage p0, java.util.HashMap p1, android.content.Context p2, int p3, java.lang.Object p4)' was removed because its name contains a dollar sign.
The method '[Method] void removeFromCart$default(com.dengage.sdk.Dengage p0, java.util.HashMap p1, android.content.Context p2, int p3, java.lang.Object p4)' was removed because its name contains a dollar sign.
The method '[Method] void removeFromWishList$default(com.dengage.sdk.Dengage p0, java.util.HashMap p1, android.content.Context p2, int p3, java.lang.Object p4)' was removed because its name contains a dollar sign.
The method '[Method] void saveRFMScores$default(com.dengage.sdk.Dengage p0, java.util.List p1, android.content.Context p2, int p3, java.lang.Object p4)' was removed because its name contains a dollar sign.
The method '[Method] void search$default(com.dengage.sdk.Dengage p0, java.util.HashMap p1, android.content.Context p2, int p3, java.lang.Object p4)' was removed because its name contains a dollar sign.
The method '[Method] void sendAppForegroundEvent$sdk_debug()' was removed because its name contains a dollar sign.
The method '[Method] void sendCartEvents$default(com.dengage.sdk.Dengage p0, java.util.HashMap p1, java.lang.String p2, android.content.Context p3, int p4, java.lang.Object p5)' was removed because its name contains a dollar sign.
The method '[Method] void sendCustomEvent$default(com.dengage.sdk.Dengage p0, java.lang.String p1, java.lang.String p2, java.util.HashMap p3, android.content.Context p4, int p5, java.lang.Object p6)' was removed because its name contains a dollar sign.
The method '[Method] void sendDeviceEvent$default(com.dengage.sdk.Dengage p0, java.lang.String p1, java.util.HashMap p2, android.content.Context p3, int p4, java.lang.Object p5)' was removed because its name contains a dollar sign.
The method '[Method] void sendWishListEvents$default(com.dengage.sdk.Dengage p0, java.util.HashMap p1, java.lang.String p2, android.content.Context p3, int p4, java.lang.Object p5)' was removed because its name contains a dollar sign.
The method '[Method] void setInitialized$sdk_debug(boolean <set-?>)' was removed because its name contains a dollar sign.
The method '[Method] void setLastSessionDuration$sdk_debug()' was removed because its name contains a dollar sign.
The method '[Method] void setLastSessionStartTime$sdk_debug()' was removed because its name contains a dollar sign.
The method '[Method] void setLastVisitTime$sdk_debug()' was removed because its name contains a dollar sign.
The method '[Method] void setNavigation$default(com.dengage.sdk.Dengage p0, android.app.Activity p1, int p2, int p3, java.lang.Object p4)' was removed because its name contains a dollar sign.
The method '[Method] void setNavigation$default(com.dengage.sdk.Dengage p0, android.app.Activity p1, java.lang.String p2, int p3, int p4, java.lang.Object p5)' was removed because its name contains a dollar sign.
The method '[Method] void setTags$default(com.dengage.sdk.Dengage p0, java.util.List p1, android.content.Context p2, int p3, java.lang.Object p4)' was removed because its name contains a dollar sign.
The method '[Method] void showRealTimeInApp$default(com.dengage.sdk.Dengage p0, android.app.Activity p1, java.lang.String p2, java.util.HashMap p3, int p4, int p5, java.lang.Object p6)' was removed because its name contains a dollar sign.
The method '[Method] void viewCart$default(com.dengage.sdk.Dengage p0, java.util.HashMap p1, android.content.Context p2, int p3, java.lang.Object p4)' was removed because its name contains a dollar sign.
The method '[Method] com.dengage.sdk.DengageManager initWithFirebaseInstance(com.google.firebase.FirebaseApp firebaseApp)' was removed because the Java parameter type 'com.google.firebase.FirebaseApp' could not be found.
The method '[Method] com.dengage.sdk.callback.DengageError copy$default(com.dengage.sdk.callback.DengageError p0, java.lang.String p1, int p2, java.lang.Object p3)' was removed because its name contains a dollar sign.
The method '[Method] void edit$default(android.content.SharedPreferences p0, boolean p1, kotlin.jvm.functions.Function1 p2, int p3, java.lang.Object p4)' was removed because its name contains a dollar sign.
The method '[Method] void edit(android.content.SharedPreferences obj, boolean immediately, kotlin.jvm.functions.Function1<? super android.content.SharedPreferences.Editor, kotlin.Unit> operation)' was removed because the Java parameter type 'kotlin.jvm.functions.Function1' could not be found.
The method '[Method] java.lang.Object get$default(android.content.SharedPreferences obj, java.lang.Object p1, java.lang.Object key, int p3, java.lang.Object defaultValue)' was removed because its name contains a dollar sign.
The method '[Method] void set$default(android.content.SharedPreferences p0, java.lang.Object p1, java.lang.Object p2, boolean p3, int p4, java.lang.Object p5)' was removed because its name contains a dollar sign.
The method '[Method] java.lang.String getAppSessionId$sdk_debug()' was removed because its name contains a dollar sign.
The method '[Method] long getAppSessionTime$sdk_debug()' was removed because its name contains a dollar sign.
The method '[Method] long getAppTrackingTime$sdk_debug()' was removed because its name contains a dollar sign.
The method '[Method] java.lang.String getEventApiBaseUrl$sdk_debug()' was removed because its name contains a dollar sign.
The method '[Method] long getFirstLaunchTime$sdk_debug()' was removed because its name contains a dollar sign.
The method '[Method] java.lang.String getInAppApiBaseUrl$sdk_debug()' was removed because its name contains a dollar sign.
The method '[Method] java.lang.String getInAppDeeplink$sdk_debug()' was removed because its name contains a dollar sign.
The method '[Method] long getInAppMessageFetchTime$sdk_debug()' was removed because its name contains a dollar sign.
The method '[Method] java.util.List<com.dengage.sdk.domain.inappmessage.model.InAppMessage> getInAppMessages$sdk_debug()' was removed because its name contains a dollar sign.
The method '[Method] long getInAppMessageShowTime$sdk_debug()' was removed because its name contains a dollar sign.
The method '[Method] long getInAppRemoveFetchTime$sdk_debug()' was removed because its name contains a dollar sign.
The method '[Method] long getInboxMessageFetchTime$sdk_debug()' was removed because its name contains a dollar sign.
The method '[Method] java.lang.String getInstallationId$sdk_debug()' was removed because its name contains a dollar sign.
The method '[Method] long getLastSessionDuration$sdk_debug()' was removed because its name contains a dollar sign.
The method '[Method] long getLastSessionStartTime$sdk_debug()' was removed because its name contains a dollar sign.
The method '[Method] long getLastSessionVisitTime$sdk_debug()' was removed because its name contains a dollar sign.
The method '[Method] boolean getLogVisibility$sdk_debug()' was removed because its name contains a dollar sign.
The method '[Method] java.lang.String getNotificationChannelName$sdk_debug()' was removed because its name contains a dollar sign.
The method '[Method] android.content.SharedPreferences getPreferences$sdk_debug()' was removed because its name contains a dollar sign.
The method '[Method] com.dengage.sdk.domain.subscription.model.Subscription getPreviouSubscription$sdk_debug()' was removed because its name contains a dollar sign.
The method '[Method] java.lang.String getPushApiBaseUrl$sdk_debug()' was removed because its name contains a dollar sign.
The method '[Method] long getRealTimeInAppMessageFetchTime$sdk_debug()' was removed because its name contains a dollar sign.
The method '[Method] java.util.List<com.dengage.sdk.domain.rfm.model.RFMScore> getRfmScores$sdk_debug()' was removed because its name contains a dollar sign.
The method '[Method] com.dengage.sdk.domain.configuration.model.SdkParameters getSdkParameters$sdk_debug()' was removed because its name contains a dollar sign.
The method '[Method] com.dengage.sdk.domain.subscription.model.Subscription getSubscription$sdk_debug()' was removed because its name contains a dollar sign.
The method '[Method] long getSubscriptionCallTime$sdk_debug()' was removed because its name contains a dollar sign.
The method '[Method] java.util.List<com.dengage.sdk.domain.visitcount.model.VisitCountItem> getVisitCountItems$sdk_debug()' was removed because its name contains a dollar sign.
The method '[Method] com.dengage.sdk.domain.configuration.model.VisitorInfo getVisitorInfo$sdk_debug()' was removed because its name contains a dollar sign.
The method '[Method] void setAppSessionId$sdk_debug(java.lang.String value)' was removed because its name contains a dollar sign.
The method '[Method] void setAppSessionTime$sdk_debug(long value)' was removed because its name contains a dollar sign.
The method '[Method] void setAppTrackingTime$sdk_debug(long value)' was removed because its name contains a dollar sign.
The method '[Method] void setEventApiBaseUrl$sdk_debug(java.lang.String value)' was removed because its name contains a dollar sign.
The method '[Method] void setFirstLaunchTime$sdk_debug(long value)' was removed because its name contains a dollar sign.
The method '[Method] void setInAppApiBaseUrl$sdk_debug(java.lang.String value)' was removed because its name contains a dollar sign.
The method '[Method] void setInAppDeeplink$sdk_debug(java.lang.String value)' was removed because its name contains a dollar sign.
The method '[Method] void setInAppMessageFetchTime$sdk_debug(long value)' was removed because its name contains a dollar sign.
The method '[Method] void setInAppMessages$sdk_debug(java.util.List<com.dengage.sdk.domain.inappmessage.model.InAppMessage> value)' was removed because its name contains a dollar sign.
The method '[Method] void setInAppMessageShowTime$sdk_debug(long value)' was removed because its name contains a dollar sign.
The method '[Method] void setInAppRemoveFetchTime$sdk_debug(long value)' was removed because its name contains a dollar sign.
The method '[Method] void setInboxMessageFetchTime$sdk_debug(long value)' was removed because its name contains a dollar sign.
The method '[Method] void setInstallationId$sdk_debug(java.lang.String value)' was removed because its name contains a dollar sign.
The method '[Method] void setLastSessionDuration$sdk_debug(long value)' was removed because its name contains a dollar sign.
The method '[Method] void setLastSessionStartTime$sdk_debug(long value)' was removed because its name contains a dollar sign.
The method '[Method] void setLastSessionVisitTime$sdk_debug(long value)' was removed because its name contains a dollar sign.
The method '[Method] void setLogVisibility$sdk_debug(boolean value)' was removed because its name contains a dollar sign.
The method '[Method] void setNotificationChannelName$sdk_debug(java.lang.String value)' was removed because its name contains a dollar sign.
The method '[Method] void setPreviouSubscription$sdk_debug(com.dengage.sdk.domain.subscription.model.Subscription value)' was removed because its name contains a dollar sign.
The method '[Method] void setPushApiBaseUrl$sdk_debug(java.lang.String value)' was removed because its name contains a dollar sign.
The method '[Method] void setRealTimeInAppMessageFetchTime$sdk_debug(long value)' was removed because its name contains a dollar sign.
The method '[Method] void setRfmScores$sdk_debug(java.util.List<com.dengage.sdk.domain.rfm.model.RFMScore> value)' was removed because its name contains a dollar sign.
The method '[Method] void setSdkParameters$sdk_debug(com.dengage.sdk.domain.configuration.model.SdkParameters value)' was removed because its name contains a dollar sign.
The method '[Method] void setSubscription$sdk_debug(com.dengage.sdk.domain.subscription.model.Subscription value)' was removed because its name contains a dollar sign.
The method '[Method] void setSubscriptionCallTime$sdk_debug(long value)' was removed because its name contains a dollar sign.
The method '[Method] void setVisitCountItems$sdk_debug(java.util.List<com.dengage.sdk.domain.visitcount.model.VisitCountItem> value)' was removed because its name contains a dollar sign.
The method '[Method] void setVisitorInfo$sdk_debug(com.dengage.sdk.domain.configuration.model.VisitorInfo value)' was removed because its name contains a dollar sign.
The method '[Method] com.dengage.sdk.data.remote.api.EventApiProvider access$getINSTANCE$cp()' was removed because its name contains a dollar sign.
The method '[Method] okhttp3.OkHttpClient.Builder access$getOkHttpClientBuilder(com.dengage.sdk.data.remote.api.EventApiProvider $this)' was removed because its name contains a dollar sign.
The method '[Method] com.dengage.sdk.data.remote.provider.UrlProvider access$getUrlProvider$p(com.dengage.sdk.data.remote.api.EventApiProvider $this)' was removed because its name contains a dollar sign.
The method '[Method] void access$setINSTANCE$cp(com.dengage.sdk.data.remote.api.EventApiProvider <set-?>)' was removed because its name contains a dollar sign.
The constructor 'Constructor: com.dengage.sdk.data.remote.api.EventApiProvider.Companion.EventApiProvider.Companion' was removed because the Java parameter type 'kotlin.jvm.internal.DefaultConstructorMarker' could not be found.
The method '[Method] com.dengage.sdk.data.remote.api.EventApiProvider access$create(com.dengage.sdk.data.remote.api.EventApiProvider.Companion $this)' was removed because its name contains a dollar sign.
The method '[Method] com.dengage.sdk.data.remote.api.InAppApiProvider access$getINSTANCE$cp()' was removed because its name contains a dollar sign.
The method '[Method] okhttp3.OkHttpClient.Builder access$getOkHttpClientBuilder(com.dengage.sdk.data.remote.api.InAppApiProvider $this)' was removed because its name contains a dollar sign.
The method '[Method] com.dengage.sdk.data.remote.provider.UrlProvider access$getUrlProvider$p(com.dengage.sdk.data.remote.api.InAppApiProvider $this)' was removed because its name contains a dollar sign.
The method '[Method] void access$setINSTANCE$cp(com.dengage.sdk.data.remote.api.InAppApiProvider <set-?>)' was removed because its name contains a dollar sign.
The constructor 'Constructor: com.dengage.sdk.data.remote.api.InAppApiProvider.Companion.InAppApiProvider.Companion' was removed because the Java parameter type 'kotlin.jvm.internal.DefaultConstructorMarker' could not be found.
The method '[Method] com.dengage.sdk.data.remote.api.InAppApiProvider access$create(com.dengage.sdk.data.remote.api.InAppApiProvider.Companion $this)' was removed because its name contains a dollar sign.
The constructor 'Constructor: com.dengage.sdk.data.remote.api.LazyRepositoryCreator.LazyRepositoryCreator' was removed because the Java parameter type 'kotlin.reflect.KClass' could not be found.
The class '[Class] com.dengage.sdk.data.remote.api.LazyRepositoryCreator' was removed because the Java implemented interface type 'kotlin.Lazy<Service>' could not be found.
The method '[Method] com.dengage.sdk.data.remote.api.PushApiProvider access$getINSTANCE$cp()' was removed because its name contains a dollar sign.
The method '[Method] okhttp3.OkHttpClient.Builder access$getOkHttpClientBuilder(com.dengage.sdk.data.remote.api.PushApiProvider $this)' was removed because its name contains a dollar sign.
The method '[Method] com.dengage.sdk.data.remote.provider.UrlProvider access$getUrlProvider$p(com.dengage.sdk.data.remote.api.PushApiProvider $this)' was removed because its name contains a dollar sign.
The method '[Method] void access$setINSTANCE$cp(com.dengage.sdk.data.remote.api.PushApiProvider <set-?>)' was removed because its name contains a dollar sign.
The constructor 'Constructor: com.dengage.sdk.data.remote.api.PushApiProvider.Companion.PushApiProvider.Companion' was removed because the Java parameter type 'kotlin.jvm.internal.DefaultConstructorMarker' could not be found.
The method '[Method] com.dengage.sdk.data.remote.api.PushApiProvider access$create(com.dengage.sdk.data.remote.api.PushApiProvider.Companion $this)' was removed because its name contains a dollar sign.
The field 'Java.Interop.Tools.JavaTypeSystem.Models.JavaFieldModel' was removed because its name contains a dollar sign.
The constructor 'Constructor: com.dengage.sdk.data.remote.error.DengageApiError.Companion.DengageApiError.Companion' was removed because the Java parameter type 'kotlin.jvm.internal.DefaultConstructorMarker' could not be found.
The method '[Method] java.util.List<retrofit2.Converter.Factory> getConverterFactories()' was removed because the Java return type 'java.util.List<retrofit2.Converter.Factory>' could not be found.
The class '[Class] com.dengage.sdk.data.remote.provider.EnumConverterFactory' was removed because the Java base type 'retrofit2.Converter.Factory' could not be found.
The method '[Method] java.util.List<okhttp3.Interceptor> getInterceptors()' was removed because the Java return type 'java.util.List<okhttp3.Interceptor>' could not be found.
The method '[Method] void execute(com.dengage.sdk.domain.base.UseCaseRunner useCaseRunner, kotlin.jvm.functions.Function1<? super com.dengage.sdk.domain.base.UseCaseBuilder<T, Params>, kotlin.Unit> useCaseBuilderBlock)' was removed because the Java parameter type 'kotlin.jvm.functions.Function1' could not be found.
The method '[Method] void invoke(com.dengage.sdk.domain.base.UseCaseRunner useCaseRunner, kotlin.jvm.functions.Function1<? super com.dengage.sdk.domain.base.UseCaseBuilder<T, Params>, kotlin.Unit> useCaseBuilderBlock)' was removed because the Java parameter type 'kotlin.jvm.functions.Function1' could not be found.
The method '[Method] void execute$default(com.dengage.sdk.domain.base.BaseUseCase p0, com.dengage.sdk.domain.base.UseCaseRunner p1, com.dengage.sdk.domain.base.Callback p2, java.lang.Object p3, int p4, java.lang.Object p5)' was removed because its name contains a dollar sign.
The method '[Method] void execute<T, Params>(com.dengage.sdk.domain.base.BaseUseCase<T, Params> $this, com.dengage.sdk.domain.base.UseCaseRunner useCaseRunner, kotlin.jvm.functions.Function1<? super com.dengage.sdk.domain.base.UseCaseBuilder<T, Params>, kotlin.Unit> useCaseBuilderBlock)' was removed because the Java parameter type 'kotlin.jvm.functions.Function1' could not be found.
The method '[Method] void invoke<T, Params>(com.dengage.sdk.domain.base.BaseUseCase<T, Params> $this, com.dengage.sdk.domain.base.UseCaseRunner useCaseRunner, kotlin.jvm.functions.Function1<? super com.dengage.sdk.domain.base.UseCaseBuilder<T, Params>, kotlin.Unit> useCaseBuilderBlock)' was removed because the Java parameter type 'kotlin.jvm.functions.Function1' could not be found.
The constructor 'Constructor: com.dengage.sdk.domain.base.Callback.Callback' was removed because the Java parameter type 'kotlin.jvm.functions.Function0' could not be found.
The constructor 'Constructor: com.dengage.sdk.domain.base.Callback.Callback' was removed because the Java parameter type 'kotlin.jvm.functions.Function0' could not be found.
The constructor 'Constructor: com.dengage.sdk.domain.base.Callback.Callback' was removed because the Java parameter type 'kotlin.jvm.functions.Function1' could not be found.
The constructor 'Constructor: com.dengage.sdk.domain.base.Callback.Callback' was removed because the Java parameter type 'kotlin.jvm.functions.Function1' could not be found.
The method '[Method] kotlinx.coroutines.CoroutineDispatcher access$getDispatcher$p(com.dengage.sdk.domain.base.CoroutineUseCase $this)' was removed because its name contains a dollar sign.
The method '[Method] java.lang.Object buildUseCase(Params params, kotlin.coroutines.Continuation<? super T> p1)' was removed because the Java parameter type 'kotlin.coroutines.Continuation' could not be found.
The method '[Method] void execute(com.dengage.sdk.domain.base.UseCaseRunner useCaseRunner, kotlin.jvm.functions.Function1<? super com.dengage.sdk.domain.base.UseCaseBuilder<T, Params>, kotlin.Unit> useCaseBuilderBlock)' was removed because the Java parameter type 'kotlin.jvm.functions.Function1' could not be found.
The method '[Method] void invoke(com.dengage.sdk.domain.base.UseCaseRunner useCaseRunner, kotlin.jvm.functions.Function1<? super com.dengage.sdk.domain.base.UseCaseBuilder<T, Params>, kotlin.Unit> useCaseBuilderBlock)' was removed because the Java parameter type 'kotlin.jvm.functions.Function1' could not be found.
The constructor 'Constructor: com.dengage.sdk.domain.base.Result.Result' was removed because the Java parameter type 'kotlin.jvm.internal.DefaultConstructorMarker' could not be found.
The method '[Method] com.dengage.sdk.domain.base.Result.Error copy$default(com.dengage.sdk.domain.base.Result.Error p0, java.lang.Throwable p1, int p2, java.lang.Object p3)' was removed because its name contains a dollar sign.
The method '[Method] com.dengage.sdk.domain.base.Result.Success copy$default(com.dengage.sdk.domain.base.Result.Success p0, java.lang.Object p1, int p2, java.lang.Object p3)' was removed because its name contains a dollar sign.
The method '[Method] kotlin.jvm.functions.Function0<kotlin.Unit> getOnComplete()' was removed because the Java return type 'kotlin.jvm.functions.Function0<kotlin.Unit>' could not be found.
The method '[Method] kotlin.jvm.functions.Function1<java.lang.Throwable, kotlin.Unit> getOnError()' was removed because the Java return type 'kotlin.jvm.functions.Function1<java.lang.Throwable, kotlin.Unit>' could not be found.
The method '[Method] kotlin.jvm.functions.Function1<Response, kotlin.Unit> getOnResponse()' was removed because the Java return type 'kotlin.jvm.functions.Function1<Response, kotlin.Unit>' could not be found.
The method '[Method] kotlin.jvm.functions.Function0<kotlin.Unit> getOnStart()' was removed because the Java return type 'kotlin.jvm.functions.Function0<kotlin.Unit>' could not be found.
The method '[Method] void setOnComplete(kotlin.jvm.functions.Function0<kotlin.Unit> value)' was removed because the Java parameter type 'kotlin.jvm.functions.Function0' could not be found.
The method '[Method] void setOnError(kotlin.jvm.functions.Function1<? super java.lang.Throwable, kotlin.Unit> value)' was removed because the Java parameter type 'kotlin.jvm.functions.Function1' could not be found.
The method '[Method] void setOnResponse(kotlin.jvm.functions.Function1<? super Response, kotlin.Unit> value)' was removed because the Java parameter type 'kotlin.jvm.functions.Function1' could not be found.
The method '[Method] void setOnStart(kotlin.jvm.functions.Function0<kotlin.Unit> value)' was removed because the Java parameter type 'kotlin.jvm.functions.Function0' could not be found.
The method '[Method] com.dengage.sdk.domain.base.Callback<T> callback<T>(kotlin.jvm.functions.Function0<kotlin.Unit> onStart, kotlin.jvm.functions.Function1<? super T, kotlin.Unit> onResponse, kotlin.jvm.functions.Function1<? super java.lang.Throwable, kotlin.Unit> onError, kotlin.jvm.functions.Function0<kotlin.Unit> onComplete)' was removed because the Java parameter type 'kotlin.jvm.functions.Function0' could not be found.
The method '[Method] com.dengage.sdk.domain.base.Callback<T> callback<T>(kotlin.jvm.functions.Function0<kotlin.Unit> onStart, kotlin.jvm.functions.Function1<? super T, kotlin.Unit> onResponse, kotlin.jvm.functions.Function1<? super java.lang.Throwable, kotlin.Unit> onError, kotlin.jvm.functions.Function0<kotlin.Unit> onComplete)' was removed because the Java parameter type 'kotlin.jvm.functions.Function1' could not be found.
The method '[Method] com.dengage.sdk.domain.base.Callback<T> callback<T>(kotlin.jvm.functions.Function0<kotlin.Unit> onStart, kotlin.jvm.functions.Function1<? super T, kotlin.Unit> onResponse, kotlin.jvm.functions.Function1<? super java.lang.Throwable, kotlin.Unit> onError, kotlin.jvm.functions.Function0<kotlin.Unit> onComplete)' was removed because the Java parameter type 'kotlin.jvm.functions.Function1' could not be found.
The method '[Method] com.dengage.sdk.domain.base.Callback<T> callback<T>(kotlin.jvm.functions.Function0<kotlin.Unit> onStart, kotlin.jvm.functions.Function1<? super T, kotlin.Unit> onResponse, kotlin.jvm.functions.Function1<? super java.lang.Throwable, kotlin.Unit> onError, kotlin.jvm.functions.Function0<kotlin.Unit> onComplete)' was removed because the Java parameter type 'kotlin.jvm.functions.Function0' could not be found.
The method '[Method] void subscribeToCancel(kotlin.jvm.functions.Function1<? super java.lang.Boolean, kotlin.Unit> onCancel)' was removed because the Java parameter type 'kotlin.jvm.functions.Function1' could not be found.
The method '[Method] com.dengage.sdk.domain.base.Callback<T> callback<T>(com.dengage.sdk.domain.base.UseCaseRunner $this, kotlin.jvm.functions.Function0<kotlin.Unit> onStart, kotlin.jvm.functions.Function1<? super T, kotlin.Unit> onResponse, kotlin.jvm.functions.Function1<? super java.lang.Throwable, kotlin.Unit> onError, kotlin.jvm.functions.Function0<kotlin.Unit> onComplete)' was removed because the Java parameter type 'kotlin.jvm.functions.Function0' could not be found.
The method '[Method] com.dengage.sdk.domain.base.Callback<T> callback<T>(com.dengage.sdk.domain.base.UseCaseRunner $this, kotlin.jvm.functions.Function0<kotlin.Unit> onStart, kotlin.jvm.functions.Function1<? super T, kotlin.Unit> onResponse, kotlin.jvm.functions.Function1<? super java.lang.Throwable, kotlin.Unit> onError, kotlin.jvm.functions.Function0<kotlin.Unit> onComplete)' was removed because the Java parameter type 'kotlin.jvm.functions.Function1' could not be found.
The method '[Method] com.dengage.sdk.domain.base.Callback<T> callback<T>(com.dengage.sdk.domain.base.UseCaseRunner $this, kotlin.jvm.functions.Function0<kotlin.Unit> onStart, kotlin.jvm.functions.Function1<? super T, kotlin.Unit> onResponse, kotlin.jvm.functions.Function1<? super java.lang.Throwable, kotlin.Unit> onError, kotlin.jvm.functions.Function0<kotlin.Unit> onComplete)' was removed because the Java parameter type 'kotlin.jvm.functions.Function1' could not be found.
The method '[Method] com.dengage.sdk.domain.base.Callback<T> callback<T>(com.dengage.sdk.domain.base.UseCaseRunner $this, kotlin.jvm.functions.Function0<kotlin.Unit> onStart, kotlin.jvm.functions.Function1<? super T, kotlin.Unit> onResponse, kotlin.jvm.functions.Function1<? super java.lang.Throwable, kotlin.Unit> onError, kotlin.jvm.functions.Function0<kotlin.Unit> onComplete)' was removed because the Java parameter type 'kotlin.jvm.functions.Function0' could not be found.
The method '[Method] com.dengage.sdk.domain.base.Callback<T> callback<T>(kotlin.jvm.functions.Function0<kotlin.Unit> onStart, kotlin.jvm.functions.Function1<? super T, kotlin.Unit> onResponse, kotlin.jvm.functions.Function1<? super java.lang.Throwable, kotlin.Unit> onError, kotlin.jvm.functions.Function0<kotlin.Unit> onComplete)' was removed because the Java parameter type 'kotlin.jvm.functions.Function0' could not be found.
The method '[Method] com.dengage.sdk.domain.base.Callback<T> callback<T>(kotlin.jvm.functions.Function0<kotlin.Unit> onStart, kotlin.jvm.functions.Function1<? super T, kotlin.Unit> onResponse, kotlin.jvm.functions.Function1<? super java.lang.Throwable, kotlin.Unit> onError, kotlin.jvm.functions.Function0<kotlin.Unit> onComplete)' was removed because the Java parameter type 'kotlin.jvm.functions.Function1' could not be found.
The method '[Method] com.dengage.sdk.domain.base.Callback<T> callback<T>(kotlin.jvm.functions.Function0<kotlin.Unit> onStart, kotlin.jvm.functions.Function1<? super T, kotlin.Unit> onResponse, kotlin.jvm.functions.Function1<? super java.lang.Throwable, kotlin.Unit> onError, kotlin.jvm.functions.Function0<kotlin.Unit> onComplete)' was removed because the Java parameter type 'kotlin.jvm.functions.Function1' could not be found.
The method '[Method] com.dengage.sdk.domain.base.Callback<T> callback<T>(kotlin.jvm.functions.Function0<kotlin.Unit> onStart, kotlin.jvm.functions.Function1<? super T, kotlin.Unit> onResponse, kotlin.jvm.functions.Function1<? super java.lang.Throwable, kotlin.Unit> onError, kotlin.jvm.functions.Function0<kotlin.Unit> onComplete)' was removed because the Java parameter type 'kotlin.jvm.functions.Function0' could not be found.
The method '[Method] void subscribeToCancel(kotlin.jvm.functions.Function1<? super java.lang.Boolean, kotlin.Unit> onCancel)' was removed because the Java parameter type 'kotlin.jvm.functions.Function1' could not be found.
The method '[Method] java.lang.Object getSdkParameters(java.lang.String integrationKey, kotlin.coroutines.Continuation<? super com.dengage.sdk.domain.configuration.model.SdkParameters> $completion)' was removed because the Java parameter type 'kotlin.coroutines.Continuation' could not be found.
The method '[Method] java.lang.Object getVisitorInfo(java.lang.String accountName, java.lang.String contactKey, java.lang.String deviceId, kotlin.coroutines.Continuation<? super com.dengage.sdk.domain.configuration.model.VisitorInfo> $completion)' was removed because the Java parameter type 'kotlin.coroutines.Continuation' could not be found.
The method '[Method] java.lang.Object getSdkParameters(java.lang.String integrationKey, kotlin.coroutines.Continuation<? super com.dengage.sdk.domain.configuration.model.SdkParameters> p1)' was removed because the Java parameter type 'kotlin.coroutines.Continuation' could not be found.
The method '[Method] java.lang.Object getVisitorInfo(java.lang.String accountName, java.lang.String contactKey, java.lang.String deviceId, kotlin.coroutines.Continuation<? super com.dengage.sdk.domain.configuration.model.VisitorInfo> p3)' was removed because the Java parameter type 'kotlin.coroutines.Continuation' could not be found.
The method '[Method] com.dengage.sdk.domain.configuration.model.AppTracking copy$default(com.dengage.sdk.domain.configuration.model.AppTracking p0, java.lang.String p1, java.lang.String p2, int p3, java.lang.Object p4)' was removed because its name contains a dollar sign.
The method '[Method] com.dengage.sdk.domain.configuration.model.SdkParameters copy$default(com.dengage.sdk.domain.configuration.model.SdkParameters p0, java.lang.String p1, java.lang.Integer p2, java.lang.String p3, boolean p4, java.lang.Boolean p5, java.lang.Boolean p6, java.lang.Boolean p7, java.lang.Integer p8, java.lang.Integer p9, java.lang.Integer p10, long p11, boolean p12, java.util.List p13, java.lang.Boolean p14, java.lang.Integer p15, java.lang.Integer p16, int p17, java.lang.Object p18)' was removed because its name contains a dollar sign.
The method '[Method] com.dengage.sdk.domain.configuration.model.VisitorInfo copy$default(com.dengage.sdk.domain.configuration.model.VisitorInfo p0, java.util.List p1, java.util.List p2, int p3, java.lang.Object p4)' was removed because its name contains a dollar sign.
The method '[Method] java.lang.Object buildUseCase(com.dengage.sdk.domain.configuration.usecase.GetSdkParameters.Params params, kotlin.coroutines.Continuation<? super com.dengage.sdk.domain.configuration.model.SdkParameters> $completion)' was removed because the Java parameter type 'kotlin.coroutines.Continuation' could not be found.
The method '[Method] java.lang.Object buildUseCase(java.lang.Object params, kotlin.coroutines.Continuation $completion)' was removed because the Java parameter type 'kotlin.coroutines.Continuation' could not be found.
The method '[Method] com.dengage.sdk.domain.configuration.usecase.GetSdkParameters.Params copy$default(com.dengage.sdk.domain.configuration.usecase.GetSdkParameters.Params p0, java.lang.String p1, int p2, java.lang.Object p3)' was removed because its name contains a dollar sign.
The method '[Method] java.lang.Object buildUseCase(com.dengage.sdk.domain.configuration.usecase.GetVisitorInfo.Params params, kotlin.coroutines.Continuation<? super com.dengage.sdk.domain.configuration.model.VisitorInfo> $completion)' was removed because the Java parameter type 'kotlin.coroutines.Continuation' could not be found.
The method '[Method] java.lang.Object buildUseCase(java.lang.Object params, kotlin.coroutines.Continuation $completion)' was removed because the Java parameter type 'kotlin.coroutines.Continuation' could not be found.
The method '[Method] com.dengage.sdk.domain.configuration.usecase.GetVisitorInfo.Params copy$default(com.dengage.sdk.domain.configuration.usecase.GetVisitorInfo.Params p0, java.lang.String p1, java.lang.String p2, java.lang.String p3, int p4, java.lang.Object p5)' was removed because its name contains a dollar sign.
The method '[Method] java.lang.Object sendDeviceIDToServer(java.lang.String route, java.lang.String token, java.lang.String deviceId, kotlin.coroutines.Continuation<? super retrofit2.Response<kotlin.Unit>> $completion)' was removed because the Java parameter type 'kotlin.coroutines.Continuation' could not be found.
The method '[Method] java.lang.Object sendDeviceId(java.lang.String fullUrl, java.lang.String token, com.dengage.sdk.domain.deviceId.model.DeviceIdModel deviceIdObject, kotlin.coroutines.Continuation<? super retrofit2.Response<kotlin.Unit>> p3)' was removed because the Java parameter type 'kotlin.coroutines.Continuation' could not be found.
The class '[Class] com.dengage.sdk.domain.deviceId.usecase.DeviceIdSenderToServer' was removed because the Java base type 'com.dengage.sdk.domain.base.CoroutineUseCase<retrofit2.Response<kotlin.Unit>, com.dengage.sdk.domain.deviceId.usecase.DeviceIdSenderToServer.Params>' could not be found.
The method '[Method] java.lang.Object sendEvent(java.lang.Integer accountId, java.lang.String integrationKey, java.lang.String key, java.lang.String eventTableName, java.util.Map<java.lang.String, java.lang.Object> eventDetails, kotlin.coroutines.Continuation<? super retrofit2.Response<kotlin.Unit>> $completion)' was removed because the Java parameter type 'kotlin.coroutines.Continuation' could not be found.
The method '[Method] java.lang.Object sendOpenEvent(java.lang.String buttonId, java.lang.String itemId, java.lang.Integer messageId, java.lang.String messageDetails, java.lang.String integrationKey, kotlin.coroutines.Continuation<? super retrofit2.Response<kotlin.Unit>> $completion)' was removed because the Java parameter type 'kotlin.coroutines.Continuation' could not be found.
The method '[Method] java.lang.Object sendTransactionalOpenEvent(java.lang.String buttonId, java.lang.String itemId, java.lang.Integer messageId, java.lang.String messageDetails, java.lang.String transactionId, java.lang.String integrationKey, kotlin.coroutines.Continuation<? super retrofit2.Response<kotlin.Unit>> $completion)' was removed because the Java parameter type 'kotlin.coroutines.Continuation' could not be found.
The method '[Method] java.lang.Object sendEvent(com.dengage.sdk.domain.event.model.Event event, kotlin.coroutines.Continuation<? super retrofit2.Response<kotlin.Unit>> p1)' was removed because the Java parameter type 'kotlin.coroutines.Continuation' could not be found.
The method '[Method] java.lang.Object sendOpenEvent(com.dengage.sdk.domain.event.model.OpenEvent openEvent, kotlin.coroutines.Continuation<? super retrofit2.Response<kotlin.Unit>> p1)' was removed because the Java parameter type 'kotlin.coroutines.Continuation' could not be found.
The method '[Method] java.lang.Object sendTransactionalOpenEvent(com.dengage.sdk.domain.event.model.TransactionalOpenEvent transactionalOpenEvent, kotlin.coroutines.Continuation<? super retrofit2.Response<kotlin.Unit>> p1)' was removed because the Java parameter type 'kotlin.coroutines.Continuation' could not be found.
The method '[Method] com.dengage.sdk.domain.event.model.Event copy$default(com.dengage.sdk.domain.event.model.Event p0, java.lang.String p1, java.lang.String p2, java.lang.String p3, java.util.Map p4, int p5, java.lang.Object p6)' was removed because its name contains a dollar sign.
The method '[Method] com.dengage.sdk.domain.event.model.OpenEvent copy$default(com.dengage.sdk.domain.event.model.OpenEvent p0, java.lang.String p1, java.lang.String p2, java.lang.Integer p3, java.lang.String p4, java.lang.String p5, int p6, java.lang.Object p7)' was removed because its name contains a dollar sign.
The method '[Method] com.dengage.sdk.domain.event.model.TransactionalOpenEvent copy$default(com.dengage.sdk.domain.event.model.TransactionalOpenEvent p0, java.lang.String p1, java.lang.String p2, java.lang.Integer p3, java.lang.String p4, java.lang.String p5, java.lang.String p6, int p7, java.lang.Object p8)' was removed because its name contains a dollar sign.
The class '[Class] com.dengage.sdk.domain.event.usecase.SendEvent' was removed because the Java base type 'com.dengage.sdk.domain.base.CoroutineUseCase<retrofit2.Response<kotlin.Unit>, com.dengage.sdk.domain.event.usecase.SendEvent.Params>' could not be found.
The class '[Class] com.dengage.sdk.domain.event.usecase.SendOpenEvent' was removed because the Java base type 'com.dengage.sdk.domain.base.CoroutineUseCase<retrofit2.Response<kotlin.Unit>, com.dengage.sdk.domain.event.usecase.SendOpenEvent.Params>' could not be found.
The class '[Class] com.dengage.sdk.domain.event.usecase.SendTransactionalOpenEvent' was removed because the Java base type 'com.dengage.sdk.domain.base.CoroutineUseCase<retrofit2.Response<kotlin.Unit>, com.dengage.sdk.domain.event.usecase.SendTransactionalOpenEvent.Params>' could not be found.
The method '[Method] java.lang.Object GetInAppExpiredMessageIds(java.lang.String account, com.dengage.sdk.domain.subscription.model.Subscription subscription, com.dengage.sdk.domain.configuration.model.SdkParameters sdkParameters, kotlin.coroutines.Continuation<? super java.util.List<com.dengage.sdk.domain.inappmessage.model.InAppRemovalId>> $completion)' was removed because the Java parameter type 'kotlin.coroutines.Continuation' could not be found.
The method '[Method] java.lang.Object getInAppMessages(java.lang.String account, com.dengage.sdk.domain.subscription.model.Subscription subscription, com.dengage.sdk.domain.configuration.model.SdkParameters sdkParameters, kotlin.coroutines.Continuation<? super java.util.List<com.dengage.sdk.domain.inappmessage.model.InAppMessage>> $completion)' was removed because the Java parameter type 'kotlin.coroutines.Continuation' could not be found.
The method '[Method] java.lang.Object sendAppForegroundEvent(java.lang.String accountName, com.dengage.sdk.domain.subscription.model.Subscription subscription, java.lang.String appId, java.lang.String sessionId, long duration, kotlin.coroutines.Continuation<? super retrofit2.Response<kotlin.Unit>> $completion)' was removed because the Java parameter type 'kotlin.coroutines.Continuation' could not be found.
The method '[Method] java.lang.Object sendFirstLaunchEvent(java.lang.String accountName, com.dengage.sdk.domain.subscription.model.Subscription subscription, java.lang.String appId, java.lang.String sessionId, kotlin.coroutines.Continuation<? super retrofit2.Response<kotlin.Unit>> $completion)' was removed because the Java parameter type 'kotlin.coroutines.Continuation' could not be found.
The method '[Method] java.lang.Object setInAppMessageAsClicked(java.lang.String account, com.dengage.sdk.domain.subscription.model.Subscription subscription, java.lang.String messageDetails, java.lang.String buttonId, kotlin.coroutines.Continuation<? super retrofit2.Response<kotlin.Unit>> $completion)' was removed because the Java parameter type 'kotlin.coroutines.Continuation' could not be found.
The method '[Method] java.lang.Object setInAppMessageAsDismissed(java.lang.String account, com.dengage.sdk.domain.subscription.model.Subscription subscription, java.lang.String messageDetails, kotlin.coroutines.Continuation<? super retrofit2.Response<kotlin.Unit>> $completion)' was removed because the Java parameter type 'kotlin.coroutines.Continuation' could not be found.
The method '[Method] java.lang.Object setInAppMessageAsDisplayed(java.lang.String account, com.dengage.sdk.domain.subscription.model.Subscription subscription, java.lang.String messageDetails, kotlin.coroutines.Continuation<? super retrofit2.Response<kotlin.Unit>> $completion)' was removed because the Java parameter type 'kotlin.coroutines.Continuation' could not be found.
The method '[Method] java.lang.Object getInAppExpiredMessageIds(java.lang.String account, java.lang.String cdKey, java.lang.String appId, kotlin.coroutines.Continuation<? super java.util.List<com.dengage.sdk.domain.inappmessage.model.InAppRemovalId>> p3)' was removed because the Java parameter type 'kotlin.coroutines.Continuation' could not be found.
The method '[Method] java.lang.Object getInAppMessages(java.lang.String account, java.lang.String cdKey, java.lang.String deviceId, java.lang.String type, java.lang.String appId, kotlin.coroutines.Continuation<? super java.util.List<com.dengage.sdk.domain.inappmessage.model.InAppMessage>> p5)' was removed because the Java parameter type 'kotlin.coroutines.Continuation' could not be found.
The method '[Method] java.lang.Object getRealTimeInAppMessages(java.lang.String accountId, java.lang.String appId, kotlin.coroutines.Continuation<? super java.util.List<com.dengage.sdk.domain.inappmessage.model.InAppMessageData>> p2)' was removed because the Java parameter type 'kotlin.coroutines.Continuation' could not be found.
The method '[Method] java.lang.Object sendAppForegroundEvent(java.lang.String accountName, java.lang.String eventType, java.lang.String contactKey, java.lang.String deviceId, java.lang.String appId, java.lang.String sessionId, long duration, kotlin.coroutines.Continuation<? super retrofit2.Response<kotlin.Unit>> p7)' was removed because the Java parameter type 'kotlin.coroutines.Continuation' could not be found.
The method '[Method] java.lang.Object sendFirstLaunchEvent(java.lang.String accountName, java.lang.String eventType, java.lang.String contactKey, java.lang.String deviceId, java.lang.String appId, java.lang.String sessionId, kotlin.coroutines.Continuation<? super retrofit2.Response<kotlin.Unit>> p6)' was removed because the Java parameter type 'kotlin.coroutines.Continuation' could not be found.
The method '[Method] java.lang.Object setInAppMessageAsClicked(java.lang.String account, java.lang.String cdKey, java.lang.String deviceId, java.lang.String type, java.lang.String messageDetails, java.lang.String buttonId, kotlin.coroutines.Continuation<? super retrofit2.Response<kotlin.Unit>> p6)' was removed because the Java parameter type 'kotlin.coroutines.Continuation' could not be found.
The method '[Method] java.lang.Object setInAppMessageAsDismissed(java.lang.String account, java.lang.String cdKey, java.lang.String deviceId, java.lang.String type, java.lang.String messageDetails, kotlin.coroutines.Continuation<? super retrofit2.Response<kotlin.Unit>> p5)' was removed because the Java parameter type 'kotlin.coroutines.Continuation' could not be found.
The method '[Method] java.lang.Object setInAppMessageAsDisplayed(java.lang.String account, java.lang.String cdKey, java.lang.String deviceId, java.lang.String type, java.lang.String messageDetails, kotlin.coroutines.Continuation<? super retrofit2.Response<kotlin.Unit>> p5)' was removed because the Java parameter type 'kotlin.coroutines.Continuation' could not be found.
The method '[Method] java.lang.Object setRealTimeInAppMessageAsClicked(java.lang.String accountName, java.lang.String eventType, java.lang.String contactKey, java.lang.String deviceId, java.lang.String appId, java.lang.String sessionId, java.lang.String campaignId, java.lang.String messageDetails, java.lang.String buttonId, java.lang.String contentId, kotlin.coroutines.Continuation<? super retrofit2.Response<kotlin.Unit>> p10)' was removed because the Java parameter type 'kotlin.coroutines.Continuation' could not be found.
The method '[Method] java.lang.Object setRealTimeInAppMessageAsDismissed(java.lang.String accountName, java.lang.String eventType, java.lang.String contactKey, java.lang.String deviceId, java.lang.String appId, java.lang.String sessionId, java.lang.String campaignId, java.lang.String messageDetails, java.lang.String contentId, kotlin.coroutines.Continuation<? super retrofit2.Response<kotlin.Unit>> p9)' was removed because the Java parameter type 'kotlin.coroutines.Continuation' could not be found.
The method '[Method] java.lang.Object setRealTimeInAppMessageAsDisplayed(java.lang.String accountName, java.lang.String eventType, java.lang.String contactKey, java.lang.String deviceId, java.lang.String appId, java.lang.String sessionId, java.lang.String campaignId, java.lang.String messageDetails, java.lang.String contentId, kotlin.coroutines.Continuation<? super retrofit2.Response<kotlin.Unit>> p9)' was removed because the Java parameter type 'kotlin.coroutines.Continuation' could not be found.
The method '[Method] java.lang.Object sendAppForegroundEvent$default(com.dengage.sdk.domain.inappmessage.InAppMessageService p0, java.lang.String p1, java.lang.String p2, java.lang.String p3, java.lang.String p4, java.lang.String p5, java.lang.String p6, long p7, kotlin.coroutines.Continuation p8, int p9, java.lang.Object p10)' was removed because its name contains a dollar sign.
The method '[Method] java.lang.Object sendFirstLaunchEvent$default(com.dengage.sdk.domain.inappmessage.InAppMessageService p0, java.lang.String p1, java.lang.String p2, java.lang.String p3, java.lang.String p4, java.lang.String p5, java.lang.String p6, kotlin.coroutines.Continuation p7, int p8, java.lang.Object p9)' was removed because its name contains a dollar sign.
The method '[Method] java.lang.Object setRealTimeInAppMessageAsClicked$default(com.dengage.sdk.domain.inappmessage.InAppMessageService p0, java.lang.String p1, java.lang.String p2, java.lang.String p3, java.lang.String p4, java.lang.String p5, java.lang.String p6, java.lang.String p7, java.lang.String p8, java.lang.String p9, java.lang.String p10, kotlin.coroutines.Continuation p11, int p12, java.lang.Object p13)' was removed because its name contains a dollar sign.
The method '[Method] java.lang.Object setRealTimeInAppMessageAsDismissed$default(com.dengage.sdk.domain.inappmessage.InAppMessageService p0, java.lang.String p1, java.lang.String p2, java.lang.String p3, java.lang.String p4, java.lang.String p5, java.lang.String p6, java.lang.String p7, java.lang.String p8, java.lang.String p9, kotlin.coroutines.Continuation p10, int p11, java.lang.Object p12)' was removed because its name contains a dollar sign.
The method '[Method] java.lang.Object setRealTimeInAppMessageAsDisplayed$default(com.dengage.sdk.domain.inappmessage.InAppMessageService p0, java.lang.String p1, java.lang.String p2, java.lang.String p3, java.lang.String p4, java.lang.String p5, java.lang.String p6, java.lang.String p7, java.lang.String p8, java.lang.String p9, kotlin.coroutines.Continuation p10, int p11, java.lang.Object p12)' was removed because its name contains a dollar sign.
The method '[Method] java.lang.Object getRealTimeInAppMessages(java.lang.String accountId, java.lang.String appId, kotlin.coroutines.Continuation<? super java.util.List<com.dengage.sdk.domain.inappmessage.model.InAppMessageData>> $completion)' was removed because the Java parameter type 'kotlin.coroutines.Continuation' could not be found.
The method '[Method] java.lang.Object setRealTimeInAppMessageAsClicked(java.lang.String accountName, com.dengage.sdk.domain.subscription.model.Subscription subscription, java.lang.String appId, java.lang.String sessionId, java.lang.String campaignId, java.lang.String messageDetails, java.lang.String buttonId, java.lang.String contentId, kotlin.coroutines.Continuation<? super retrofit2.Response<kotlin.Unit>> $completion)' was removed because the Java parameter type 'kotlin.coroutines.Continuation' could not be found.
The method '[Method] java.lang.Object setRealTimeInAppMessageAsDismissed(java.lang.String accountName, com.dengage.sdk.domain.subscription.model.Subscription subscription, java.lang.String appId, java.lang.String sessionId, java.lang.String campaignId, java.lang.String messageDetails, java.lang.String contentId, kotlin.coroutines.Continuation<? super retrofit2.Response<kotlin.Unit>> $completion)' was removed because the Java parameter type 'kotlin.coroutines.Continuation' could not be found.
The method '[Method] java.lang.Object setRealTimeInAppMessageAsDisplayed(java.lang.String accountName, com.dengage.sdk.domain.subscription.model.Subscription subscription, java.lang.String appId, java.lang.String sessionId, java.lang.String campaignId, java.lang.String messageDetails, java.lang.String contentId, kotlin.coroutines.Continuation<? super retrofit2.Response<kotlin.Unit>> $completion)' was removed because the Java parameter type 'kotlin.coroutines.Continuation' could not be found.
The method '[Method] com.dengage.sdk.domain.inappmessage.model.Criterion copy$default(com.dengage.sdk.domain.inappmessage.model.Criterion p0, long p1, java.lang.String p2, java.lang.String p3, java.lang.String p4, java.util.List p5, int p6, java.lang.Object p7)' was removed because its name contains a dollar sign.
The method '[Method] com.dengage.sdk.domain.inappmessage.model.DisplayRule copy$default(com.dengage.sdk.domain.inappmessage.model.DisplayRule p0, java.lang.String p1, java.util.List p2, int p3, java.lang.Object p4)' was removed because its name contains a dollar sign.
The method '[Method] com.dengage.sdk.domain.inappmessage.model.DisplayRuleSet copy$default(com.dengage.sdk.domain.inappmessage.model.DisplayRuleSet p0, java.lang.String p1, java.util.List p2, int p3, java.lang.Object p4)' was removed because its name contains a dollar sign.
The method '[Method] com.dengage.sdk.domain.inappmessage.model.VisitCount copy$default(com.dengage.sdk.domain.inappmessage.model.VisitCount p0, int p1, int p2, int p3, java.lang.Object p4)' was removed because its name contains a dollar sign.
The method '[Method] java.lang.Object buildUseCase(com.dengage.sdk.domain.inappmessage.usecase.GetInAppExpiredMessageIds.Params params, kotlin.coroutines.Continuation<? super java.util.List<com.dengage.sdk.domain.inappmessage.model.InAppRemovalId>> $completion)' was removed because the Java parameter type 'kotlin.coroutines.Continuation' could not be found.
The method '[Method] java.lang.Object buildUseCase(java.lang.Object params, kotlin.coroutines.Continuation $completion)' was removed because the Java parameter type 'kotlin.coroutines.Continuation' could not be found.
The method '[Method] com.dengage.sdk.domain.inappmessage.usecase.GetInAppExpiredMessageIds.Params copy$default(com.dengage.sdk.domain.inappmessage.usecase.GetInAppExpiredMessageIds.Params p0, java.lang.String p1, com.dengage.sdk.domain.subscription.model.Subscription p2, com.dengage.sdk.domain.configuration.model.SdkParameters p3, int p4, java.lang.Object p5)' was removed because its name contains a dollar sign.
The method '[Method] java.lang.Object buildUseCase(com.dengage.sdk.domain.inappmessage.usecase.GetInAppMessages.Params params, kotlin.coroutines.Continuation<? super java.util.List<com.dengage.sdk.domain.inappmessage.model.InAppMessage>> $completion)' was removed because the Java parameter type 'kotlin.coroutines.Continuation' could not be found.
The method '[Method] java.lang.Object buildUseCase(java.lang.Object params, kotlin.coroutines.Continuation $completion)' was removed because the Java parameter type 'kotlin.coroutines.Continuation' could not be found.
The method '[Method] com.dengage.sdk.domain.inappmessage.usecase.GetInAppMessages.Params copy$default(com.dengage.sdk.domain.inappmessage.usecase.GetInAppMessages.Params p0, java.lang.String p1, com.dengage.sdk.domain.subscription.model.Subscription p2, com.dengage.sdk.domain.configuration.model.SdkParameters p3, int p4, java.lang.Object p5)' was removed because its name contains a dollar sign.
The method '[Method] java.lang.Object buildUseCase(com.dengage.sdk.domain.inappmessage.usecase.GetRealTimeInAppMessages.Params params, kotlin.coroutines.Continuation<? super java.util.List<com.dengage.sdk.domain.inappmessage.model.InAppMessage>> p1)' was removed because the Java parameter type 'kotlin.coroutines.Continuation' could not be found.
The method '[Method] java.lang.Object buildUseCase(java.lang.Object params, kotlin.coroutines.Continuation $completion)' was removed because the Java parameter type 'kotlin.coroutines.Continuation' could not be found.
The method '[Method] com.dengage.sdk.domain.inappmessage.usecase.GetRealTimeInAppMessages.Params copy$default(com.dengage.sdk.domain.inappmessage.usecase.GetRealTimeInAppMessages.Params p0, java.lang.String p1, java.lang.String p2, int p3, java.lang.Object p4)' was removed because its name contains a dollar sign.
The class '[Class] com.dengage.sdk.domain.inappmessage.usecase.SendAppForegroundEvent' was removed because the Java base type 'com.dengage.sdk.domain.base.CoroutineUseCase<retrofit2.Response<kotlin.Unit>, com.dengage.sdk.domain.inappmessage.usecase.SendAppForegroundEvent.Params>' could not be found.
The class '[Class] com.dengage.sdk.domain.inappmessage.usecase.SendFirstLaunchEvent' was removed because the Java base type 'com.dengage.sdk.domain.base.CoroutineUseCase<retrofit2.Response<kotlin.Unit>, com.dengage.sdk.domain.inappmessage.usecase.SendFirstLaunchEvent.Params>' could not be found.
The class '[Class] com.dengage.sdk.domain.inappmessage.usecase.SetInAppMessageAsClicked' was removed because the Java base type 'com.dengage.sdk.domain.base.CoroutineUseCase<retrofit2.Response<kotlin.Unit>, com.dengage.sdk.domain.inappmessage.usecase.SetInAppMessageAsClicked.Params>' could not be found.
The class '[Class] com.dengage.sdk.domain.inappmessage.usecase.SetInAppMessageAsDismissed' was removed because the Java base type 'com.dengage.sdk.domain.base.CoroutineUseCase<retrofit2.Response<kotlin.Unit>, com.dengage.sdk.domain.inappmessage.usecase.SetInAppMessageAsDismissed.Params>' could not be found.
The class '[Class] com.dengage.sdk.domain.inappmessage.usecase.SetInAppMessageAsDisplayed' was removed because the Java base type 'com.dengage.sdk.domain.base.CoroutineUseCase<retrofit2.Response<kotlin.Unit>, com.dengage.sdk.domain.inappmessage.usecase.SetInAppMessageAsDisplayed.Params>' could not be found.
The class '[Class] com.dengage.sdk.domain.inappmessage.usecase.SetRealTimeInAppMessageAsClicked' was removed because the Java base type 'com.dengage.sdk.domain.base.CoroutineUseCase<retrofit2.Response<kotlin.Unit>, com.dengage.sdk.domain.inappmessage.usecase.SetRealTimeInAppMessageAsClicked.Params>' could not be found.
The class '[Class] com.dengage.sdk.domain.inappmessage.usecase.SetRealTimeInAppMessageAsDismissed' was removed because the Java base type 'com.dengage.sdk.domain.base.CoroutineUseCase<retrofit2.Response<kotlin.Unit>, com.dengage.sdk.domain.inappmessage.usecase.SetRealTimeInAppMessageAsDismissed.Params>' could not be found.
The class '[Class] com.dengage.sdk.domain.inappmessage.usecase.SetRealTimeInAppMessageAsDisplayed' was removed because the Java base type 'com.dengage.sdk.domain.base.CoroutineUseCase<retrofit2.Response<kotlin.Unit>, com.dengage.sdk.domain.inappmessage.usecase.SetRealTimeInAppMessageAsDisplayed.Params>' could not be found.
The method '[Method] java.lang.Object getInboxMessages(java.lang.String account, com.dengage.sdk.domain.subscription.model.Subscription subscription, int limit, int offset, kotlin.coroutines.Continuation<? super java.util.List<com.dengage.sdk.domain.inboxmessage.model.InboxMessage>> $completion)' was removed because the Java parameter type 'kotlin.coroutines.Continuation' could not be found.
The method '[Method] java.lang.Object setInboxMessageAsClicked(java.lang.String account, com.dengage.sdk.domain.subscription.model.Subscription subscription, java.lang.String messageId, kotlin.coroutines.Continuation<? super retrofit2.Response<kotlin.Unit>> $completion)' was removed because the Java parameter type 'kotlin.coroutines.Continuation' could not be found.
The method '[Method] java.lang.Object setInboxMessageAsDeleted(java.lang.String account, com.dengage.sdk.domain.subscription.model.Subscription subscription, java.lang.String messageId, kotlin.coroutines.Continuation<? super retrofit2.Response<kotlin.Unit>> $completion)' was removed because the Java parameter type 'kotlin.coroutines.Continuation' could not be found.
The method '[Method] java.lang.Object getInboxMessages(java.lang.String account, java.lang.String cdKey, java.lang.String deviceId, java.lang.String type, int limit, int offset, kotlin.coroutines.Continuation<? super java.util.List<com.dengage.sdk.domain.inboxmessage.model.InboxMessage>> p6)' was removed because the Java parameter type 'kotlin.coroutines.Continuation' could not be found.
The method '[Method] java.lang.Object setInboxMessageAsClicked(java.lang.String account, java.lang.String cdKey, java.lang.String deviceId, java.lang.String type, java.lang.String messageId, kotlin.coroutines.Continuation<? super retrofit2.Response<kotlin.Unit>> p5)' was removed because the Java parameter type 'kotlin.coroutines.Continuation' could not be found.
The method '[Method] java.lang.Object setInboxMessageAsDeleted(java.lang.String account, java.lang.String cdKey, java.lang.String deviceId, java.lang.String type, java.lang.String messageId, kotlin.coroutines.Continuation<? super retrofit2.Response<kotlin.Unit>> p5)' was removed because the Java parameter type 'kotlin.coroutines.Continuation' could not be found.
The method '[Method] com.dengage.sdk.domain.inboxmessage.model.InboxMessage copy$default(com.dengage.sdk.domain.inboxmessage.model.InboxMessage p0, java.lang.String p1, boolean p2, com.dengage.sdk.domain.inboxmessage.model.InboxMessageData p3, int p4, java.lang.Object p5)' was removed because its name contains a dollar sign.
The method '[Method] com.dengage.sdk.domain.inboxmessage.model.InboxMessageData copy$default(com.dengage.sdk.domain.inboxmessage.model.InboxMessageData p0, java.lang.String p1, java.lang.String p2, java.lang.String p3, java.lang.String p4, java.lang.String p5, java.lang.String p6, java.lang.String p7, java.util.List p8, int p9, java.lang.Object p10)' was removed because its name contains a dollar sign.
The class '[Class] com.dengage.sdk.domain.inboxmessage.model.InboxMessageDataJsonAdapter' was removed because the Java implemented interface type 'com.google.gson.JsonDeserializer<com.dengage.sdk.domain.inboxmessage.model.InboxMessageData>' could not be found.
The method '[Method] java.lang.Object buildUseCase(com.dengage.sdk.domain.inboxmessage.usecase.GetInboxMessages.Params params, kotlin.coroutines.Continuation<? super java.util.List<com.dengage.sdk.domain.inboxmessage.model.InboxMessage>> $completion)' was removed because the Java parameter type 'kotlin.coroutines.Continuation' could not be found.
The method '[Method] java.lang.Object buildUseCase(java.lang.Object params, kotlin.coroutines.Continuation $completion)' was removed because the Java parameter type 'kotlin.coroutines.Continuation' could not be found.
The method '[Method] com.dengage.sdk.domain.inboxmessage.usecase.GetInboxMessages.Params copy$default(com.dengage.sdk.domain.inboxmessage.usecase.GetInboxMessages.Params p0, java.lang.String p1, com.dengage.sdk.domain.subscription.model.Subscription p2, int p3, int p4, int p5, java.lang.Object p6)' was removed because its name contains a dollar sign.
The class '[Class] com.dengage.sdk.domain.inboxmessage.usecase.SetInboxMessageAsClicked' was removed because the Java base type 'com.dengage.sdk.domain.base.CoroutineUseCase<retrofit2.Response<kotlin.Unit>, com.dengage.sdk.domain.inboxmessage.usecase.SetInboxMessageAsClicked.Params>' could not be found.
The class '[Class] com.dengage.sdk.domain.inboxmessage.usecase.SetInboxMessageAsDeleted' was removed because the Java base type 'com.dengage.sdk.domain.base.CoroutineUseCase<retrofit2.Response<kotlin.Unit>, com.dengage.sdk.domain.inboxmessage.usecase.SetInboxMessageAsDeleted.Params>' could not be found.
The method '[Method] com.dengage.sdk.domain.push.model.ActionButton copy$default(com.dengage.sdk.domain.push.model.ActionButton p0, java.lang.String p1, java.lang.String p2, java.lang.String p3, java.lang.String p4, int p5, java.lang.Object p6)' was removed because its name contains a dollar sign.
The method '[Method] com.dengage.sdk.domain.push.model.CarouselItem copy$default(com.dengage.sdk.domain.push.model.CarouselItem p0, java.lang.String p1, java.lang.String p2, java.lang.String p3, java.lang.String p4, java.lang.String p5, java.lang.String p6, java.lang.String p7, java.lang.String p8, int p9, java.lang.Object p10)' was removed because its name contains a dollar sign.
The method '[Method] com.dengage.sdk.domain.push.model.CustomParam copy$default(com.dengage.sdk.domain.push.model.CustomParam p0, java.lang.String p1, java.lang.String p2, int p3, java.lang.Object p4)' was removed because its name contains a dollar sign.
The method '[Method] com.dengage.sdk.domain.push.model.Media copy$default(com.dengage.sdk.domain.push.model.Media p0, java.lang.String p1, java.lang.String p2, int p3, java.lang.Object p4)' was removed because its name contains a dollar sign.
The method '[Method] com.dengage.sdk.domain.push.model.Message copy$default(com.dengage.sdk.domain.push.model.Message p0, int p1, java.lang.String p2, java.lang.String p3, java.lang.String p4, java.lang.String p5, java.util.List p6, java.lang.String p7, java.lang.String p8, java.lang.String p9, java.lang.String p10, java.lang.Boolean p11, java.lang.Integer p12, java.lang.String p13, java.lang.Integer p14, java.lang.String p15, java.lang.Integer p16, com.dengage.sdk.domain.push.model.NotificationType p17, java.util.List p18, java.util.List p19, java.util.List p20, java.lang.Boolean p21, java.lang.String p22, int p23, java.lang.Object p24)' was removed because its name contains a dollar sign.
The constructor 'Constructor: com.dengage.sdk.domain.push.model.Message.Companion.Message.Companion' was removed because the Java parameter type 'kotlin.jvm.internal.DefaultConstructorMarker' could not be found.
The method '[Method] java.lang.Object sendSubscription(com.dengage.sdk.domain.subscription.model.Subscription subscription, kotlin.coroutines.Continuation<? super retrofit2.Response<kotlin.Unit>> $completion)' was removed because the Java parameter type 'kotlin.coroutines.Continuation' could not be found.
The method '[Method] java.lang.Object sendSubscription(com.dengage.sdk.domain.subscription.model.Subscription subscription, kotlin.coroutines.Continuation<? super retrofit2.Response<kotlin.Unit>> p1)' was removed because the Java parameter type 'kotlin.coroutines.Continuation' could not be found.
The method '[Method] com.dengage.sdk.domain.subscription.model.Subscription copy$default(com.dengage.sdk.domain.subscription.model.Subscription p0, java.lang.String p1, java.lang.String p2, java.lang.String p3, java.lang.String p4, java.lang.String p5, java.lang.String p6, java.lang.String p7, java.lang.String p8, java.lang.Boolean p9, boolean p10, java.lang.String p11, java.lang.String p12, java.lang.String p13, java.lang.String p14, java.lang.String p15, java.lang.String p16, java.lang.String p17, int p18, java.lang.Object p19)' was removed because its name contains a dollar sign.
The class '[Class] com.dengage.sdk.domain.subscription.usecase.SendSubscription' was removed because the Java base type 'com.dengage.sdk.domain.base.CoroutineUseCase<retrofit2.Response<kotlin.Unit>, com.dengage.sdk.domain.subscription.usecase.SendSubscription.Params>' could not be found.
The method '[Method] java.lang.Object setTags(java.lang.String account, com.dengage.sdk.domain.subscription.model.Subscription subscription, java.util.List<com.dengage.sdk.domain.tag.model.TagItem> tags, kotlin.coroutines.Continuation<? super retrofit2.Response<kotlin.Unit>> $completion)' was removed because the Java parameter type 'kotlin.coroutines.Continuation' could not be found.
The method '[Method] java.lang.Object setTags(com.dengage.sdk.domain.tag.model.TagsRequest request, kotlin.coroutines.Continuation<? super retrofit2.Response<kotlin.Unit>> p1)' was removed because the Java parameter type 'kotlin.coroutines.Continuation' could not be found.
The method '[Method] com.dengage.sdk.domain.tag.model.TagItem copy$default(com.dengage.sdk.domain.tag.model.TagItem p0, java.lang.String p1, java.lang.String p2, int p3, java.lang.Object p4)' was removed because its name contains a dollar sign.
The method '[Method] com.dengage.sdk.domain.tag.model.TagsRequest copy$default(com.dengage.sdk.domain.tag.model.TagsRequest p0, java.lang.String p1, java.lang.String p2, java.util.List p3, int p4, java.lang.Object p5)' was removed because its name contains a dollar sign.
The class '[Class] com.dengage.sdk.domain.tag.usecase.SetTags' was removed because the Java base type 'com.dengage.sdk.domain.base.CoroutineUseCase<retrofit2.Response<kotlin.Unit>, com.dengage.sdk.domain.tag.usecase.SetTags.Params>' could not be found.
The method '[Method] com.dengage.sdk.domain.visitcount.model.VisitCountItem copy$default(com.dengage.sdk.domain.visitcount.model.VisitCountItem p0, long p1, int p2, int p3, java.lang.Object p4)' was removed because its name contains a dollar sign.
The method '[Method] com.dengage.sdk.domain.base.Callback<T> callback<T>(kotlin.jvm.functions.Function0<kotlin.Unit> onStart, kotlin.jvm.functions.Function1<? super T, kotlin.Unit> onResponse, kotlin.jvm.functions.Function1<? super java.lang.Throwable, kotlin.Unit> onError, kotlin.jvm.functions.Function0<kotlin.Unit> onComplete)' was removed because the Java parameter type 'kotlin.jvm.functions.Function0' could not be found.
The method '[Method] com.dengage.sdk.domain.base.Callback<T> callback<T>(kotlin.jvm.functions.Function0<kotlin.Unit> onStart, kotlin.jvm.functions.Function1<? super T, kotlin.Unit> onResponse, kotlin.jvm.functions.Function1<? super java.lang.Throwable, kotlin.Unit> onError, kotlin.jvm.functions.Function0<kotlin.Unit> onComplete)' was removed because the Java parameter type 'kotlin.jvm.functions.Function1' could not be found.
The method '[Method] com.dengage.sdk.domain.base.Callback<T> callback<T>(kotlin.jvm.functions.Function0<kotlin.Unit> onStart, kotlin.jvm.functions.Function1<? super T, kotlin.Unit> onResponse, kotlin.jvm.functions.Function1<? super java.lang.Throwable, kotlin.Unit> onError, kotlin.jvm.functions.Function0<kotlin.Unit> onComplete)' was removed because the Java parameter type 'kotlin.jvm.functions.Function1' could not be found.
The method '[Method] com.dengage.sdk.domain.base.Callback<T> callback<T>(kotlin.jvm.functions.Function0<kotlin.Unit> onStart, kotlin.jvm.functions.Function1<? super T, kotlin.Unit> onResponse, kotlin.jvm.functions.Function1<? super java.lang.Throwable, kotlin.Unit> onError, kotlin.jvm.functions.Function0<kotlin.Unit> onComplete)' was removed because the Java parameter type 'kotlin.jvm.functions.Function0' could not be found.
The method '[Method] void subscribeToCancel(kotlin.jvm.functions.Function1<? super java.lang.Boolean, kotlin.Unit> onCancel)' was removed because the Java parameter type 'kotlin.jvm.functions.Function1' could not be found.
The method '[Method] void view(kotlin.jvm.functions.Function1<? super View, kotlin.Unit> block)' was removed because the Java parameter type 'kotlin.jvm.functions.Function1' could not be found.
The method '[Method] java.util.List<com.dengage.sdk.domain.tag.model.TagItem> getAppTrackingTags$sdk_debug(java.util.List<com.dengage.sdk.domain.configuration.model.AppTracking> appTrackings)' was removed because its name contains a dollar sign.
The method '[Method] com.dengage.sdk.manager.configuration.ConfigurationCallback getConfigurationCallback$sdk_debug()' was removed because its name contains a dollar sign.
The method '[Method] void init$sdk_debug(com.google.firebase.FirebaseApp firebaseApp)' was removed because its name contains a dollar sign.
The method '[Method] void setConfigurationCallback$sdk_debug(com.dengage.sdk.manager.configuration.ConfigurationCallback <set-?>)' was removed because its name contains a dollar sign.
The method '[Method] void access$view(com.dengage.sdk.manager.configuration.ConfigurationPresenter $this, kotlin.jvm.functions.Function1 block)' was removed because its name contains a dollar sign.
The method '[Method] void getFirebaseToken(com.google.firebase.FirebaseApp firebaseApp, kotlin.jvm.functions.Function1<? super java.lang.String, kotlin.Unit> onTokenResult)' was removed because the Java parameter type 'com.google.firebase.FirebaseApp' could not be found.
The method '[Method] void getFirebaseToken(com.google.firebase.FirebaseApp firebaseApp, kotlin.jvm.functions.Function1<? super java.lang.String, kotlin.Unit> onTokenResult)' was removed because the Java parameter type 'kotlin.jvm.functions.Function1' could not be found.
The method '[Method] void getGmsAdvertisingId(kotlin.jvm.functions.Function1<? super java.lang.String, kotlin.Unit> onAdIdResult)' was removed because the Java parameter type 'kotlin.jvm.functions.Function1' could not be found.
The method '[Method] void getHmsAdvertisingId(kotlin.jvm.functions.Function1<? super java.lang.String, kotlin.Unit> onAdIdResult)' was removed because the Java parameter type 'kotlin.jvm.functions.Function1' could not be found.
The method '[Method] void getHuaweiToken(kotlin.jvm.functions.Function1<? super java.lang.String, kotlin.Unit> onTokenResult)' was removed because the Java parameter type 'kotlin.jvm.functions.Function1' could not be found.
The method '[Method] void access$view(com.dengage.sdk.manager.deviceId.DeviceIdSenderPresenter $this, kotlin.jvm.functions.Function1 block)' was removed because its name contains a dollar sign.
The method '[Method] void addToCart$sdk_debug(java.util.HashMap<java.lang.String, java.lang.Object> eventDetails)' was removed because its name contains a dollar sign.
The method '[Method] void beginCheckout$sdk_debug(java.util.HashMap<java.lang.String, java.lang.Object> eventDetails)' was removed because its name contains a dollar sign.
The method '[Method] void cancelOrder$sdk_debug(java.util.HashMap<java.lang.String, java.lang.Object> eventDetails)' was removed because its name contains a dollar sign.
The method '[Method] void order$sdk_debug(java.util.HashMap<java.lang.String, java.lang.Object> eventDetails)' was removed because its name contains a dollar sign.
The method '[Method] void pageView$sdk_debug(java.util.HashMap<java.lang.String, java.lang.Object> eventDetails)' was removed because its name contains a dollar sign.
The method '[Method] void removeFromCart$sdk_debug(java.util.HashMap<java.lang.String, java.lang.Object> eventDetails)' was removed because its name contains a dollar sign.
The method '[Method] void removeFromWishList$sdk_debug(java.util.HashMap<java.lang.String, java.lang.Object> eventDetails)' was removed because its name contains a dollar sign.
The method '[Method] void search$sdk_debug(java.util.HashMap<java.lang.String, java.lang.Object> eventDetails)' was removed because its name contains a dollar sign.
The method '[Method] void sendCartEvents$sdk_debug(java.util.HashMap<java.lang.String, java.lang.Object> eventDetails, java.lang.String eventType)' was removed because its name contains a dollar sign.
The method '[Method] void sendCustomEvent$sdk_debug(java.lang.String tableName, java.lang.String key, java.util.HashMap<java.lang.String, java.lang.Object> eventDetails)' was removed because its name contains a dollar sign.
The method '[Method] void sendDeviceEvent$sdk_debug(java.lang.String tableName, java.util.HashMap<java.lang.String, java.lang.Object> eventDetails)' was removed because its name contains a dollar sign.
The method '[Method] void sendWishListEvents$sdk_debug(java.util.HashMap<java.lang.String, java.lang.Object> eventDetails, java.lang.String eventType)' was removed because its name contains a dollar sign.
The method '[Method] void sessionStart$sdk_debug(java.lang.String referer)' was removed because its name contains a dollar sign.
The method '[Method] void viewCart$sdk_debug(java.util.HashMap<java.lang.String, java.lang.Object> eventDetails)' was removed because its name contains a dollar sign.
The method '[Method] void access$view(com.dengage.sdk.manager.event.EventPresenter $this, kotlin.jvm.functions.Function1 block)' was removed because its name contains a dollar sign.
The method '[Method] void fetchInAppExpiredMessageIds$sdk_debug()' was removed because its name contains a dollar sign.
The method '[Method] void fetchInAppMessages$sdk_debug(com.dengage.sdk.manager.inappmessage.InAppMessageFetchCallback inAppMessageFetchCallbackParam)' was removed because its name contains a dollar sign.
The method '[Method] void setNavigation$sdk_debug$default(com.dengage.sdk.manager.inappmessage.InAppMessageManager p0, android.app.Activity p1, java.lang.String p2, java.util.HashMap p3, int p4, int p5, java.lang.Object p6)' was removed because its name contains a dollar sign.
The method '[Method] void setNavigation$sdk_debug(android.app.Activity activity, java.lang.String screenName, java.util.HashMap<java.lang.String, java.lang.String> params, int resultCode)' was removed because its name contains a dollar sign.
The method '[Method] void access$removeInAppMessageFromCache(com.dengage.sdk.manager.inappmessage.InAppMessagePresenter $this, java.lang.String inAppMessageId)' was removed because its name contains a dollar sign.
The method '[Method] void access$view(com.dengage.sdk.manager.inappmessage.InAppMessagePresenter $this, kotlin.jvm.functions.Function1 block)' was removed because its name contains a dollar sign.
The method '[Method] void sendAppForegroundEvent$sdk_debug()' was removed because its name contains a dollar sign.
The method '[Method] void sendFirstLaunchEvent$sdk_debug()' was removed because its name contains a dollar sign.
The method '[Method] void setLastSessionDuration$sdk_debug()' was removed because its name contains a dollar sign.
The method '[Method] void setLastSessionStartTime$sdk_debug()' was removed because its name contains a dollar sign.
The method '[Method] void setLastVisitTime$sdk_debug()' was removed because its name contains a dollar sign.
The method '[Method] com.dengage.sdk.domain.inappmessage.model.InAppMessage findPriorInAppMessage$default(com.dengage.sdk.manager.inappmessage.util.InAppMessageUtils p0, java.util.List p1, java.lang.String p2, java.util.HashMap p3, int p4, java.lang.Object p5)' was removed because its name contains a dollar sign.
The method '[Method] void clearInboxMessageCache$sdk_debug()' was removed because its name contains a dollar sign.
The method '[Method] void deleteInboxMessage$sdk_debug(java.lang.String messageId)' was removed because its name contains a dollar sign.
The method '[Method] void getInboxMessages$sdk_debug(int limit, int offset, com.dengage.sdk.callback.DengageCallback<java.util.List<com.dengage.sdk.domain.inboxmessage.model.InboxMessage>> dengageCallback)' was removed because its name contains a dollar sign.
The method '[Method] void setInboxMessageAsClicked$sdk_debug(java.lang.String messageId)' was removed because its name contains a dollar sign.
The method '[Method] void access$setInboxMessages$p(com.dengage.sdk.manager.inboxmessage.InboxMessagePresenter $this, java.util.List <set-?>)' was removed because its name contains a dollar sign.
The method '[Method] void access$view(com.dengage.sdk.manager.inboxmessage.InboxMessagePresenter $this, kotlin.jvm.functions.Function1 block)' was removed because its name contains a dollar sign.
The method '[Method] java.lang.String getSessionId$default(com.dengage.sdk.manager.session.SessionManager p0, boolean p1, int p2, java.lang.Object p3)' was removed because its name contains a dollar sign.
The method '[Method] void sendSubscription$sdk_debug()' was removed because its name contains a dollar sign.
The method '[Method] boolean setContactKey$sdk_debug(java.lang.String contactKey)' was removed because its name contains a dollar sign.
The method '[Method] void setCountry$sdk_debug(java.lang.String country)' was removed because its name contains a dollar sign.
The method '[Method] void setDeviceId$sdk_debug(java.lang.String deviceId)' was removed because its name contains a dollar sign.
The method '[Method] void setFirebaseIntegrationKey$sdk_debug(java.lang.String integrationKey)' was removed because its name contains a dollar sign.
The method '[Method] void setHuaweiIntegrationKey$sdk_debug(java.lang.String integrationKey)' was removed because its name contains a dollar sign.
The method '[Method] void setPartnerDeviceId$sdk_debug(java.lang.String adid)' was removed because its name contains a dollar sign.
The method '[Method] void setToken$sdk_debug(java.lang.String token)' was removed because its name contains a dollar sign.
The method '[Method] void setUserPermission$sdk_debug(boolean userPermission)' was removed because its name contains a dollar sign.
The method '[Method] void access$callSubscriptionApi(com.dengage.sdk.manager.subscription.SubscriptionPresenter $this, com.dengage.sdk.domain.subscription.model.Subscription subscription)' was removed because its name contains a dollar sign.
The method '[Method] int access$getSendSubscriptionTryCount$p(com.dengage.sdk.manager.subscription.SubscriptionPresenter $this)' was removed because its name contains a dollar sign.
The method '[Method] void access$setSendSubscriptionTryCount$p(com.dengage.sdk.manager.subscription.SubscriptionPresenter $this, int <set-?>)' was removed because its name contains a dollar sign.
The method '[Method] void access$view(com.dengage.sdk.manager.subscription.SubscriptionPresenter $this, kotlin.jvm.functions.Function1 block)' was removed because its name contains a dollar sign.
The method '[Method] void setTags$sdk_debug(java.util.List<com.dengage.sdk.domain.tag.model.TagItem> tags)' was removed because its name contains a dollar sign.
The method '[Method] void access$view(com.dengage.sdk.manager.tag.TagPresenter $this, kotlin.jvm.functions.Function1 block)' was removed because its name contains a dollar sign.
The class '[Class] com.dengage.sdk.push.FcmMessagingService' was removed because the Java base type 'com.google.firebase.messaging.FirebaseMessagingService' could not be found.
The class '[Class] com.dengage.sdk.push.HmsMessagingService' was removed because the Java base type 'com.huawei.hms.push.HmsMessageService' could not be found.
The method '[Method] androidx.core.app.NotificationCompat.Builder access$getNotificationBuilder(com.dengage.sdk.push.NotificationReceiver $this, android.content.Context context, android.content.Intent intent, com.dengage.sdk.domain.push.model.Message message)' was removed because its name contains a dollar sign.
The method '[Method] void loadCarouselImageToView$default(com.dengage.sdk.push.NotificationReceiver p0, android.widget.RemoteViews p1, int p2, com.dengage.sdk.domain.push.model.CarouselItem p3, kotlin.jvm.functions.Function0 p4, int p5, java.lang.Object p6)' was removed because its name contains a dollar sign.
The method '[Method] void loadCarouselImageToView(android.widget.RemoteViews carouselView, int imageViewId, com.dengage.sdk.domain.push.model.CarouselItem carouselItem, kotlin.jvm.functions.Function0<kotlin.Unit> onComplete)' was removed because the Java parameter type 'kotlin.jvm.functions.Function0' could not be found.
The method '[Method] void onRichNotificationRender(android.content.Context context, android.content.Intent intent, com.dengage.sdk.domain.push.model.Message message, android.graphics.Bitmap bitmap, androidx.core.app.NotificationCompat.Builder notificationBuilder)' was removed because the Java parameter type 'androidx.core.app.NotificationCompat.Builder' could not be found.
The method '[Method] void onTextNotificationRender(android.content.Context context, android.content.Intent intent, com.dengage.sdk.domain.push.model.Message message, androidx.core.app.NotificationCompat.Builder notificationBuilder)' was removed because the Java parameter type 'androidx.core.app.NotificationCompat.Builder' could not be found.
The constructor 'Constructor: com.dengage.sdk.push.NotificationReceiver.Companion.NotificationReceiver.Companion' was removed because the Java parameter type 'kotlin.jvm.internal.DefaultConstructorMarker' could not be found.
The class '[Class] com.dengage.sdk.ui.inappmessage.CustomSwipeRefreshLayout' was removed because the Java base type 'androidx.swiperefreshlayout.widget.SwipeRefreshLayout' could not be found.
The class '[Class] com.dengage.sdk.ui.inappmessage.InAppBrowserActivity' was removed because the Java base type 'androidx.appcompat.app.AppCompatActivity' could not be found.
The method '[Method] com.dengage.sdk.domain.inappmessage.model.InAppMessage access$getInAppMessage$p(com.dengage.sdk.ui.inappmessage.InAppMessageActivity $this)' was removed because its name contains a dollar sign.
The method '[Method] com.dengage.sdk.ui.inappmessage.InAppMessageActivity.InAppMessageCallback access$getInAppMessageCallback$cp()' was removed because its name contains a dollar sign.
The method '[Method] java.lang.Boolean access$isAndroidUrlNPresent$p(com.dengage.sdk.ui.inappmessage.InAppMessageActivity $this)' was removed because its name contains a dollar sign.
The method '[Method] void access$setInAppMessageCallback$cp(com.dengage.sdk.ui.inappmessage.InAppMessageActivity.InAppMessageCallback <set-?>)' was removed because its name contains a dollar sign.
The constructor 'Constructor: com.dengage.sdk.ui.inappmessage.InAppMessageActivity.Companion.InAppMessageActivity.Companion' was removed because the Java parameter type 'kotlin.jvm.internal.DefaultConstructorMarker' could not be found.
The class '[Class] com.dengage.sdk.ui.test.adapter.DengageInfoAdapter' was removed because the Java base type 'androidx.recyclerview.widget.RecyclerView.Adapter<com.dengage.sdk.ui.test.adapter.DengageInfoAdapter.ViewHolder>' could not be found.
The method '[Method] java.lang.String getGOOGLE_KEY_LOCAL$sdk_debug()' was removed because its name contains a dollar sign.
The method '[Method] java.lang.String getHUAWEI_KEY_LOCAL$sdk_debug()' was removed because its name contains a dollar sign.
The method '[Method] void setGOOGLE_KEY_LOCAL$sdk_debug(java.lang.String <set-?>)' was removed because its name contains a dollar sign.
The method '[Method] void setHUAWEI_KEY_LOCAL$sdk_debug(java.lang.String <set-?>)' was removed because its name contains a dollar sign.
The method '[Method] java.lang.String getMetaData$default(com.dengage.sdk.util.DengageUtils p0, android.content.Context p1, java.lang.String p2, int p3, java.lang.Object p4)' was removed because its name contains a dollar sign.
The method '[Method] com.google.gson.Gson getGson()' was removed because the Java return type 'com.google.gson.Gson' could not be found.
The method '[Method] android.graphics.Bitmap access$getBitmapFromUrl(com.dengage.sdk.util.ImageDownloadUtils $this, java.lang.String imageUrl)' was removed because its name contains a dollar sign.
The method '[Method] void downloadImage(java.lang.String imageUrl, kotlin.jvm.functions.Function1<? super android.graphics.Bitmap, kotlin.Unit> onComplete)' was removed because the Java parameter type 'kotlin.jvm.functions.Function1' could not be found.
The method '[Method] void downloadImages(android.content.Context context, java.util.List<java.lang.String> imageUrls, kotlin.jvm.functions.Function2<? super java.util.List<java.lang.String>, ? super java.util.List<java.lang.String>, kotlin.Unit> onComplete)' was removed because the Java parameter type 'kotlin.jvm.functions.Function2' could not be found.
The constructor 'Constructor: com.dengage.sdk.util.LazyCreator.LazyCreator' was removed because the Java parameter type 'kotlin.reflect.KClass' could not be found.
The class '[Class] com.dengage.sdk.util.LazyCreator' was removed because the Java implemented interface type 'kotlin.Lazy<T>' could not be found.

==== Cycle 2 ====

The method '[Method] com.dengage.sdk.data.remote.api.LazyRepositoryCreator<Service> service<Service>(com.dengage.sdk.data.remote.api.ApiType apiType)' was removed because the Java return type 'com.dengage.sdk.data.remote.api.LazyRepositoryCreator<Service>' could not be found.
The method '[Method] com.dengage.sdk.util.LazyCreator<T> createLazy<T>()' was removed because the Java return type 'com.dengage.sdk.util.LazyCreator<T>' could not be found.

